[22:08:01] [main/INFO] (FabricLoader/GameProvider) Loading Minecraft 1.19.4 with Fabric Loader 0.14.14
[22:08:02] [main/INFO] (FabricLoader) Loading 46 mods:
	- clickcrystals 1.19.4-0.7.3
	- fabric-api 0.77.0+1.19.4
	- fabric-api-base 0.4.23+9ff28bcef4
	- fabric-api-lookup-api-v1 1.6.24+49abcf7ef4
	- fabric-biome-api-v1 13.0.6+348a9c64f4
	- fabric-block-api-v1 1.0.5+e022e5d1f4
	- fabric-blockrenderlayer-v1 1.1.33+c2e6f674f4
	- fabric-client-tags-api-v1 1.0.14+1134c5b8f4
	- fabric-command-api-v2 2.2.4+ae0966baf4
	- fabric-content-registries-v0 3.5.7+ae0966baf4
	- fabric-convention-tags-v1 1.4.0+9a7c5daaf4
	- fabric-crash-report-info-v1 0.2.14+aeb40ebef4
	- fabric-data-generation-api-v1 11.3.6+5da15ca1f4
	- fabric-dimensions-v1 2.1.44+7f87f8faf4
	- fabric-entity-events-v1 1.5.12+e45f7c65f4
	- fabric-events-interaction-v0 0.4.42+a1ccd7bff4
	- fabric-game-rule-api-v1 1.0.32+a1ccd7bff4
	- fabric-gametest-api-v1 1.2.2+ae0966baf4
	- fabric-item-api-v1 2.1.16+09a3510cf4
	- fabric-item-group-api-v1 3.0.3+043f9acff4
	- fabric-key-binding-api-v1 1.0.32+c477957ef4
	- fabric-lifecycle-events-v1 2.2.14+5da15ca1f4
	- fabric-loot-api-v2 1.1.25+75e98211f4
	- fabric-message-api-v1 5.1.0+1ee8be40f4
	- fabric-mining-level-api-v1 2.1.37+49abcf7ef4
	- fabric-models-v0 0.3.29+11ba9c3bf4
	- fabric-networking-api-v1 1.3.0+a6f3ccfaf4
	- fabric-object-builder-api-v1 7.0.1+63b515f4f4
	- fabric-particles-v1 1.0.22+f1e4495bf4
	- fabric-recipe-api-v1 1.0.7+a1ccd7bff4
	- fabric-registry-sync-v0 2.1.3+a383ab97f4
	- fabric-renderer-api-v1 2.2.4+81e8c576f4
	- fabric-renderer-indigo 1.1.0+81e8c576f4
	- fabric-rendering-data-attachment-v1 0.3.27+afca2f3ef4
	- fabric-rendering-fluids-v1 3.0.20+f1e4495bf4
	- fabric-rendering-v1 2.1.0+8f878217f4
	- fabric-resource-conditions-api-v1 2.3.0+e6c7d4eef4
	- fabric-resource-loader-v0 0.11.0+938a1d56f4
	- fabric-screen-api-v1 1.0.44+8c25edb4f4
	- fabric-screen-handler-api-v1 1.3.19+5da15ca1f4
	- fabric-sound-api-v1 1.0.8+75e98211f4
	- fabric-transfer-api-v1 3.0.1+9003cbe9f4
	- fabric-transitive-access-wideners-v1 3.0.2+63b515f4f4
	- fabricloader 0.14.14
	- java 17
	- minecraft 1.19.4
[22:08:03] [main/INFO] (FabricLoader/Mixin) SpongePowered MIXIN Subsystem Version=0.8.5 Source=file:/C:/Users/Little%20Bunny/.gradle/caches/modules-2/files-2.1/net.fabricmc/sponge-mixin/0.11.4+mixin.0.8.5/c1dc27696aa4006e492c2485c9ccbcb26045a971/sponge-mixin-0.11.4+mixin.0.8.5.jar Service=Knot/Fabric Env=CLIENT
[22:08:03] [main/INFO] (FabricLoader/Mixin) Loaded Fabric development mappings for mixin remapper!
[22:08:03] [main/INFO] (FabricLoader/Mixin) Compatibility level set to JAVA_16
[22:08:03] [main/INFO] (FabricLoader/Mixin) Compatibility level set to JAVA_17
[22:08:15] [Datafixer Bootstrap/INFO] (Minecraft) 180 Datafixer optimizations took 289 milliseconds
[22:08:20] [Render thread/INFO] (Minecraft) Environment: authHost='https://authserver.mojang.com', accountsHost='https://api.mojang.com', sessionHost='https://sessionserver.mojang.com', servicesHost='https://api.minecraftservices.com', name='PROD'
[22:08:20] [Render thread/ERROR] (Minecraft) Failed to verify authentication
com.mojang.authlib.exceptions.InvalidCredentialsException: Status: 401
	at com.mojang.authlib.exceptions.MinecraftClientHttpException.toAuthenticationException(MinecraftClientHttpException.java:56) ~[authlib-3.18.38.jar:?]
	at com.mojang.authlib.yggdrasil.YggdrasilUserApiService.fetchProperties(YggdrasilUserApiService.java:156) ~[authlib-3.18.38.jar:?]
	at com.mojang.authlib.yggdrasil.YggdrasilUserApiService.<init>(YggdrasilUserApiService.java:55) ~[authlib-3.18.38.jar:?]
	at com.mojang.authlib.yggdrasil.YggdrasilAuthenticationService.createUserApiService(YggdrasilAuthenticationService.java:161) ~[authlib-3.18.38.jar:?]
	at net.minecraft.client.MinecraftClient.createUserApiService(MinecraftClient.java:732) ~[minecraft-project-@-merged-named.jar:?]
	at net.minecraft.client.MinecraftClient.<init>(MinecraftClient.java:440) ~[minecraft-project-@-merged-named.jar:?]
	at net.minecraft.client.main.Main.main(Main.java:198) ~[minecraft-project-@-merged-named.jar:?]
	at net.fabricmc.loader.impl.game.minecraft.MinecraftGameProvider.launch(MinecraftGameProvider.java:461) ~[fabric-loader-0.14.14.jar:?]
	at net.fabricmc.loader.impl.launch.knot.Knot.launch(Knot.java:74) ~[fabric-loader-0.14.14.jar:?]
	at net.fabricmc.loader.impl.launch.knot.KnotClient.main(KnotClient.java:23) ~[fabric-loader-0.14.14.jar:?]
	at net.fabricmc.devlaunchinjector.Main.main(Main.java:86) ~[dev-launch-injector-0.2.1+build.8.jar:?]
Caused by: com.mojang.authlib.exceptions.MinecraftClientHttpException: Status: 401
	at com.mojang.authlib.minecraft.client.MinecraftClient.readInputStream(MinecraftClient.java:87) ~[authlib-3.18.38.jar:?]
	at com.mojang.authlib.minecraft.client.MinecraftClient.get(MinecraftClient.java:48) ~[authlib-3.18.38.jar:?]
	at com.mojang.authlib.yggdrasil.YggdrasilUserApiService.fetchProperties(YggdrasilUserApiService.java:129) ~[authlib-3.18.38.jar:?]
	... 9 more
[22:08:20] [Render thread/INFO] (Minecraft) Setting user: Player845
[22:08:20] [Render thread/INFO] (Minecraft) [STDOUT]: [ClickCrystals] Loading ClickCrystals by ImproperIssues
[22:08:21] [Render thread/INFO] (Indigo) [Indigo] Registering Indigo renderer!
[22:08:22] [Render thread/INFO] (Minecraft) Backend library: LWJGL version 3.3.1 SNAPSHOT
[22:08:24] [Render thread/INFO] (Minecraft) Narrator library for x64 successfully loaded
[22:08:24] [Render thread/INFO] (Minecraft) Reloading ResourceManager: vanilla, Fabric Mods (Fabric Command API (v2), ClickCrystals, Fabric Transitive Access Wideners (v1), Fabric Loot API (v2), Fabric Client Tags, Fabric Renderer - Indigo, Fabric Transfer API (v1), Fabric Registry Sync (v0), Fabric Resource Loader (v0), Fabric Networking API (v1), Fabric Object Builder API (v1), Fabric Convention Tags, Fabric Crash Report Info (v1), Fabric Dimensions API (v1), Fabric BlockRenderLayer Registration (v1), Fabric Content Registries (v0), Fabric Entity Events (v1), Fabric Mining Level API (v1), Fabric Rendering Data Attachment (v1), Fabric Lifecycle Events (v1), Fabric Particles (v1), Fabric Renderer API (v1), Fabric Biome API (v1), Fabric Rendering (v1), Fabric Events Interaction (v0), Fabric Sound API (v1), Fabric Models (v0), Fabric Block API (v1), Fabric Recipe API (v1), Fabric Rendering Fluids (v1), Fabric Message API (v1), Fabric Item Group API (v1), Fabric Loader, Fabric Item API (v1), Fabric Screen API (v1), Fabric Data Generation API (v1), Fabric Game Test API (v1), Fabric API Lookup API (v1), Fabric Resource Conditions API (v1), Fabric Screen Handler API (v1), Fabric Key Binding API (v1), Fabric API, Fabric Game Rule API (v1), Fabric API Base)
[22:08:25] [Realms Notification Availability checker #1/INFO] (Minecraft) Could not authorize you against Realms server: Invalid session id
[22:08:27] [Render thread/WARN] (Minecraft) Missing sound for event: minecraft:item.brush.brushing
[22:08:27] [Render thread/WARN] (Minecraft) Missing sound for event: minecraft:item.brush.brush_sand_completed
[22:08:27] [Render thread/WARN] (Minecraft) Missing sound for event: minecraft:item.goat_horn.play
[22:08:27] [Render thread/WARN] (Minecraft) Missing sound for event: minecraft:entity.goat.screaming.horn_break
[22:08:27] [Render thread/WARN] (Minecraft) Missing sound for event: minecraft:music.overworld.cherry_grove
[22:08:27] [Render thread/INFO] (Minecraft) OpenAL initialized on device OpenAL Soft on Headphones (Cirrus Logic Superior High Definition Audio)
[22:08:27] [Render thread/INFO] (Minecraft) Sound engine started
[22:08:27] [Render thread/INFO] (Minecraft) Created: 1024x512x0 minecraft:textures/atlas/blocks.png-atlas
[22:08:27] [Render thread/INFO] (Minecraft) Created: 256x256x0 minecraft:textures/atlas/signs.png-atlas
[22:08:27] [Render thread/INFO] (Minecraft) Created: 512x512x0 minecraft:textures/atlas/banner_patterns.png-atlas
[22:08:27] [Render thread/INFO] (Minecraft) Created: 512x512x0 minecraft:textures/atlas/shield_patterns.png-atlas
[22:08:27] [Render thread/INFO] (Minecraft) Created: 1024x1024x0 minecraft:textures/atlas/armor_trims.png-atlas
[22:08:27] [Render thread/INFO] (Minecraft) Created: 256x256x0 minecraft:textures/atlas/chest.png-atlas
[22:08:27] [Render thread/INFO] (Minecraft) Created: 64x64x0 minecraft:textures/atlas/decorated_pot.png-atlas
[22:08:27] [Render thread/INFO] (Minecraft) Created: 512x256x0 minecraft:textures/atlas/beds.png-atlas
[22:08:27] [Render thread/INFO] (Minecraft) Created: 512x256x0 minecraft:textures/atlas/shulker_boxes.png-atlas
[22:08:28] [Render thread/WARN] (Minecraft) Shader rendertype_entity_translucent_emissive could not find sampler named Sampler2 in the specified shader program.
[22:08:28] [Render thread/INFO] (Minecraft) Created: 256x256x0 minecraft:textures/atlas/particles.png-atlas
[22:08:28] [Render thread/INFO] (Minecraft) Created: 256x256x0 minecraft:textures/atlas/paintings.png-atlas
[22:08:28] [Render thread/INFO] (Minecraft) Created: 128x128x0 minecraft:textures/atlas/mob_effects.png-atlas
[22:08:34] [Render thread/INFO] (Minecraft) Loaded 7 recipes
[22:08:35] [Render thread/INFO] (Minecraft) Loaded 1179 advancements
[22:08:35] [Render thread/INFO] (BiomeModificationImpl) Applied 0 biome modifications to 0 of 63 new biomes in 3.240 ms
[22:08:35] [Server thread/INFO] (Minecraft) Starting integrated minecraft server version 1.19.4
[22:08:35] [Server thread/INFO] (Minecraft) Generating keypair
[22:08:36] [Server thread/INFO] (Minecraft) Preparing start region for dimension minecraft:overworld
[22:08:40] [Render thread/INFO] (Minecraft) Preparing spawn area: 0%
[22:08:40] [Render thread/INFO] (Minecraft) Preparing spawn area: 0%
[22:08:40] [Render thread/INFO] (Minecraft) Preparing spawn area: 0%
[22:08:40] [Render thread/INFO] (Minecraft) Preparing spawn area: 0%
[22:08:40] [Render thread/INFO] (Minecraft) Preparing spawn area: 0%
[22:08:40] [Render thread/INFO] (Minecraft) Preparing spawn area: 0%
[22:08:40] [Render thread/INFO] (Minecraft) Preparing spawn area: 0%
[22:08:40] [Render thread/INFO] (Minecraft) Preparing spawn area: 0%
[22:08:40] [Render thread/INFO] (Minecraft) Preparing spawn area: 11%
[22:08:41] [Render thread/INFO] (Minecraft) Preparing spawn area: 55%
[22:08:41] [Render thread/INFO] (Minecraft) Preparing spawn area: 84%
[22:08:41] [Render thread/INFO] (Minecraft) Time elapsed: 5167 ms
[22:08:42] [Server thread/INFO] (Minecraft) Changing view distance to 2, from 10
[22:08:42] [Server thread/INFO] (Minecraft) Changing simulation distance to 5, from 0
[22:08:44] [Server thread/INFO] (Minecraft) Player845[local:E:70776b16] logged in with entity id 26 at (-29.98571597102509, -63.0, -1.3850544404570329)
[22:08:44] [Server thread/INFO] (Minecraft) Player845 joined the game
[22:08:44] [Server thread/INFO] (Minecraft) Player845 has made the advancement [Ice Bucket Challenge]
[22:08:44] [Render thread/INFO] (Minecraft) [System] [CHAT] Player845 has made the advancement [Ice Bucket Challenge]
[22:08:45] [Render thread/INFO] (Minecraft) Loaded 14 advancements
[22:08:46] [Server thread/INFO] (Minecraft) Saving and pausing game...
[22:08:46] [Server thread/INFO] (Minecraft) Saving chunks for level 'ServerLevel[ClickCrystalsFlat]'/minecraft:overworld
[22:08:46] [Server thread/INFO] (Minecraft) Saving chunks for level 'ServerLevel[ClickCrystalsFlat]'/minecraft:the_nether
[22:08:46] [Server thread/INFO] (Minecraft) Saving chunks for level 'ServerLevel[ClickCrystalsFlat]'/minecraft:the_end
[22:09:28] [Server thread/INFO] (Minecraft) Saving and pausing game...
[22:09:28] [Server thread/INFO] (Minecraft) Saving chunks for level 'ServerLevel[ClickCrystalsFlat]'/minecraft:overworld
[22:09:28] [Server thread/INFO] (Minecraft) Saving chunks for level 'ServerLevel[ClickCrystalsFlat]'/minecraft:the_nether
[22:09:28] [Server thread/INFO] (Minecraft) Saving chunks for level 'ServerLevel[ClickCrystalsFlat]'/minecraft:the_end
[22:09:33] [Server thread/INFO] (Minecraft) Saving and pausing game...
[22:09:33] [Server thread/INFO] (Minecraft) Saving chunks for level 'ServerLevel[ClickCrystalsFlat]'/minecraft:overworld
[22:09:33] [Server thread/INFO] (Minecraft) Saving chunks for level 'ServerLevel[ClickCrystalsFlat]'/minecraft:the_nether
[22:09:33] [Server thread/INFO] (Minecraft) Saving chunks for level 'ServerLevel[ClickCrystalsFlat]'/minecraft:the_end
[22:09:34] [Server thread/INFO] (Minecraft) Player845 lost connection: Disconnected
[22:09:34] [Server thread/INFO] (Minecraft) Player845 left the game
[22:09:34] [Server thread/INFO] (Minecraft) Stopping singleplayer server as player logged out
[22:09:34] [Server thread/INFO] (Minecraft) Stopping server
[22:09:34] [Server thread/INFO] (Minecraft) Saving players
[22:09:34] [Server thread/INFO] (Minecraft) Saving worlds
[22:09:35] [Server thread/INFO] (Minecraft) Saving chunks for level 'ServerLevel[ClickCrystalsFlat]'/minecraft:overworld
[22:09:35] [Server thread/INFO] (Minecraft) Saving chunks for level 'ServerLevel[ClickCrystalsFlat]'/minecraft:the_nether
[22:09:35] [Server thread/INFO] (Minecraft) Saving chunks for level 'ServerLevel[ClickCrystalsFlat]'/minecraft:the_end
[22:09:35] [Server thread/INFO] (Minecraft) ThreadedAnvilChunkStorage (ClickCrystalsFlat): All chunks are saved
[22:09:35] [Server thread/INFO] (Minecraft) ThreadedAnvilChunkStorage (DIM-1): All chunks are saved
[22:09:35] [Server thread/INFO] (Minecraft) ThreadedAnvilChunkStorage (DIM1): All chunks are saved
[22:09:35] [Server thread/INFO] (Minecraft) ThreadedAnvilChunkStorage: All dimensions are saved
[22:09:36] [Render thread/INFO] (Minecraft) Stopping!
